Arguments: 
  /snap/node/2913/bin/node /usr/local/bin/yarn global dir

PATH: 
  /home/luke/gems/bin:/home/luke/.local/bin:/usr/local/sbin:/usr/local/bin:/usr/sbin:/usr/bin:/sbin:/bin:/usr/games:/usr/local/games:/snap/bin

Yarn version: 
  1.22.4

Node version: 
  12.18.3

Platform: 
  linux x64

Trace: 
  Error: EACCES: permission denied, write
      at writeSync (fs.js:679:3)
      at SyncWriteStream._write (internal/fs/sync_write_stream.js:24:3)
      at doWrite (_stream_writable.js:403:12)
      at writeOrBuffer (_stream_writable.js:387:5)
      at SyncWriteStream.Writable.write (_stream_writable.js:318:11)
      at ConsoleReporter._log (/usr/local/lib/node_modules/yarn/lib/cli.js:96769:17)
      at ConsoleReporter.log (/usr/local/lib/node_modules/yarn/lib/cli.js:96757:10)
      at dir (/usr/local/lib/node_modules/yarn/lib/cli.js:36256:14)
      at Object.<anonymous> (/usr/local/lib/node_modules/yarn/lib/cli.js:25940:25)
      at Generator.next (<anonymous>)

npm manifest: 
  No manifest

yarn manifest: 
  No manifest

Lockfile: 
  No lockfile
